<?xml version="1.0" encoding="UTF-8"?>
<!-- Generated by org.testng.reporters.JUnitReportReporter -->
<testsuite skipped="1" hostname="A4AIGML16629" name="seleniumPractice.SeleniumEasy_TestDatePicker" tests="2" failures="0" timestamp="20 Dec 2018 07:51:20 GMT" time="10.824" errors="0">
  <testcase name="test01_jQueryDatePicker" time="10.824" classname="seleniumPractice.SeleniumEasy_TestDatePicker"/>
  <testcase name="test01_testBootStrapDatePicker" classname="seleniumPractice.SeleniumEasy_TestDatePicker">
    <skipped/>
  </testcase> <!-- test01_testBootStrapDatePicker -->
</testsuite> <!-- seleniumPractice.SeleniumEasy_TestDatePicker -->
