<?xml version="1.0" encoding="UTF-8"?>
<!-- Generated by org.testng.reporters.JUnitReportReporter -->
<testsuite skipped="0" hostname="A4AIGML16629" name="seleniumPractice.DatePicker" tests="1" failures="0" timestamp="18 Dec 2018 15:05:41 GMT" time="6.845" errors="0">
  <testcase name="handlingDatePicker" time="6.845" classname="seleniumPractice.DatePicker"/>
</testsuite> <!-- seleniumPractice.DatePicker -->
