<?xml version="1.0" encoding="UTF-8"?>
<!-- Generated by org.testng.reporters.JUnitReportReporter -->
<testsuite skipped="2" hostname="A4AIGML16629" name="seleniumPractice.TestBrowser" tests="3" failures="0" timestamp="20 Dec 2018 11:49:16 GMT" time="23.382" errors="0">
  <testcase name="alertHandling" time="23.382" classname="seleniumPractice.TestBrowser"/>
  <testcase name="testBrowser" classname="seleniumPractice.TestBrowser">
    <skipped/>
  </testcase> <!-- testBrowser -->
  <testcase name="dropdownHandling" classname="seleniumPractice.TestBrowser">
    <skipped/>
  </testcase> <!-- dropdownHandling -->
</testsuite> <!-- seleniumPractice.TestBrowser -->
